
*** Running vivado
    with args -log design_Beat.vdi -applog -m64 -product Vivado -messageDb vivado.pb -mode batch -source design_Beat.tcl -notrace



****** Vivado v2024.1 (64-bit)
  **** SW Build 5076996 on Wed May 22 18:37:14 MDT 2024
  **** IP Build 5075265 on Wed May 22 21:45:21 MDT 2024
  **** SharedData Build 5076995 on Wed May 22 18:29:18 MDT 2024
  **** Start of session at: Mon Aug 26 17:32:06 2024
    ** Copyright 1986-2022 Xilinx, Inc. All Rights Reserved.
    ** Copyright 2022-2024 Advanced Micro Devices, Inc. All Rights Reserved.

source design_Beat.tcl -notrace
create_project: Time (s): cpu = 00:00:05 ; elapsed = 00:00:05 . Memory (MB): peak = 532.207 ; gain = 199.844
Command: link_design -top design_Beat -part xc7k70tfbv676-1
Design is defaulting to srcset: sources_1
Design is defaulting to constrset: constrs_1
INFO: [Device 21-403] Loading part xc7k70tfbv676-1
INFO: [Device 21-9227] Part: xc7k70tfbv676-1 does not have CEAM library.
Netlist sorting complete. Time (s): cpu = 00:00:00 ; elapsed = 00:00:00 . Memory (MB): peak = 938.078 ; gain = 0.000
INFO: [Project 1-479] Netlist was created with Vivado 2024.1
INFO: [Project 1-570] Preparing netlist for logic optimization
Read ShapeDB Complete: Time (s): cpu = 00:00:00 ; elapsed = 00:00:00.002 . Memory (MB): peak = 1023.395 ; gain = 0.000
Netlist sorting complete. Time (s): cpu = 00:00:00 ; elapsed = 00:00:00 . Memory (MB): peak = 1023.945 ; gain = 0.000
INFO: [Project 1-111] Unisim Transformation Summary:
No Unisim elements were transformed.

5 Infos, 0 Warnings, 0 Critical Warnings and 0 Errors encountered.
link_design completed successfully
Command: opt_design
Attempting to get a license for feature 'Implementation' and/or device 'xc7k70t'
INFO: [Common 17-349] Got license for feature 'Implementation' and/or device 'xc7k70t'
Running DRC as a precondition to command opt_design

Starting DRC Task
INFO: [DRC 23-27] Running DRC with 2 threads
INFO: [Project 1-461] DRC finished with 0 Errors
INFO: [Project 1-462] Please refer to the DRC report (report_drc) for more information.

Time (s): cpu = 00:00:01 ; elapsed = 00:00:00.411 . Memory (MB): peak = 1072.156 ; gain = 19.336

Starting Cache Timing Information Task
INFO: [Timing 38-35] Done setting XDC timing constraints.
Ending Cache Timing Information Task | Checksum: 141ca85eb

Time (s): cpu = 00:00:05 ; elapsed = 00:00:05 . Memory (MB): peak = 1591.711 ; gain = 519.555

Starting Logic Optimization Task

Phase 1 Initialization

Phase 1.1 Core Generation And Design Setup
Phase 1.1 Core Generation And Design Setup | Checksum: 141ca85eb

Time (s): cpu = 00:00:00 ; elapsed = 00:00:00.001 . Memory (MB): peak = 1968.820 ; gain = 0.000

Phase 1.2 Setup Constraints And Sort Netlist
Phase 1.2 Setup Constraints And Sort Netlist | Checksum: 141ca85eb

Time (s): cpu = 00:00:00 ; elapsed = 00:00:00.003 . Memory (MB): peak = 1968.820 ; gain = 0.000
Phase 1 Initialization | Checksum: 141ca85eb

Time (s): cpu = 00:00:00 ; elapsed = 00:00:00.003 . Memory (MB): peak = 1968.820 ; gain = 0.000

Phase 2 Timer Update And Timing Data Collection

Phase 2.1 Timer Update
Phase 2.1 Timer Update | Checksum: 141ca85eb

Time (s): cpu = 00:00:00 ; elapsed = 00:00:00.009 . Memory (MB): peak = 1968.820 ; gain = 0.000

Phase 2.2 Timing Data Collection
Phase 2.2 Timing Data Collection | Checksum: 141ca85eb

Time (s): cpu = 00:00:00 ; elapsed = 00:00:00.015 . Memory (MB): peak = 1968.820 ; gain = 0.000
Phase 2 Timer Update And Timing Data Collection | Checksum: 141ca85eb

Time (s): cpu = 00:00:00 ; elapsed = 00:00:00.016 . Memory (MB): peak = 1968.820 ; gain = 0.000

Phase 3 Retarget
INFO: [Opt 31-1834] Total Chains To Be Transformed Were: 0 AND Number of Transformed insts Created are: 0
INFO: [Opt 31-138] Pushed 0 inverter(s) to 0 load pin(s).
INFO: [Opt 31-49] Retargeted 0 cell(s).
Phase 3 Retarget | Checksum: 141ca85eb

Time (s): cpu = 00:00:00 ; elapsed = 00:00:00.050 . Memory (MB): peak = 1968.820 ; gain = 0.000
Retarget | Checksum: 141ca85eb
INFO: [Opt 31-389] Phase Retarget created 0 cells and removed 0 cells

Phase 4 Constant propagation
INFO: [Opt 31-138] Pushed 0 inverter(s) to 0 load pin(s).
Phase 4 Constant propagation | Checksum: 141ca85eb

Time (s): cpu = 00:00:00 ; elapsed = 00:00:00.051 . Memory (MB): peak = 1968.820 ; gain = 0.000
Constant propagation | Checksum: 141ca85eb
INFO: [Opt 31-389] Phase Constant propagation created 0 cells and removed 0 cells

Phase 5 Sweep
Phase 5 Sweep | Checksum: 141ca85eb

Time (s): cpu = 00:00:00 ; elapsed = 00:00:00.055 . Memory (MB): peak = 1968.820 ; gain = 0.000
Sweep | Checksum: 141ca85eb
INFO: [Opt 31-389] Phase Sweep created 0 cells and removed 0 cells

Phase 6 BUFG optimization
Phase 6 BUFG optimization | Checksum: 141ca85eb

Time (s): cpu = 00:00:00 ; elapsed = 00:00:00.092 . Memory (MB): peak = 1968.820 ; gain = 0.000
BUFG optimization | Checksum: 141ca85eb
INFO: [Opt 31-662] Phase BUFG optimization created 0 cells of which 0 are BUFGs and removed 0 cells.

Phase 7 Shift Register Optimization
INFO: [Opt 31-1064] SRL Remap converted 0 SRLs to 0 registers and converted 0 registers of register chains to 0 SRLs
Phase 7 Shift Register Optimization | Checksum: 141ca85eb

Time (s): cpu = 00:00:00 ; elapsed = 00:00:00.093 . Memory (MB): peak = 1968.820 ; gain = 0.000
Shift Register Optimization | Checksum: 141ca85eb
INFO: [Opt 31-389] Phase Shift Register Optimization created 0 cells and removed 0 cells

Phase 8 Post Processing Netlist
Phase 8 Post Processing Netlist | Checksum: 141ca85eb

Time (s): cpu = 00:00:00 ; elapsed = 00:00:00.095 . Memory (MB): peak = 1968.820 ; gain = 0.000
Post Processing Netlist | Checksum: 141ca85eb
INFO: [Opt 31-389] Phase Post Processing Netlist created 0 cells and removed 0 cells

Phase 9 Finalization

Phase 9.1 Finalizing Design Cores and Updating Shapes
Phase 9.1 Finalizing Design Cores and Updating Shapes | Checksum: 141ca85eb

Time (s): cpu = 00:00:00 ; elapsed = 00:00:00.096 . Memory (MB): peak = 1968.820 ; gain = 0.000

Phase 9.2 Verifying Netlist Connectivity

Starting Connectivity Check Task

Time (s): cpu = 00:00:00 ; elapsed = 00:00:00 . Memory (MB): peak = 1968.820 ; gain = 0.000
Phase 9.2 Verifying Netlist Connectivity | Checksum: 141ca85eb

Time (s): cpu = 00:00:00 ; elapsed = 00:00:00.097 . Memory (MB): peak = 1968.820 ; gain = 0.000
Phase 9 Finalization | Checksum: 141ca85eb

Time (s): cpu = 00:00:00 ; elapsed = 00:00:00.097 . Memory (MB): peak = 1968.820 ; gain = 0.000
Opt_design Change Summary
=========================


-------------------------------------------------------------------------------------------------------------------------
|  Phase                        |  #Cells created  |  #Cells Removed  |  #Constrained objects preventing optimizations  |
-------------------------------------------------------------------------------------------------------------------------
|  Retarget                     |               0  |               0  |                                              0  |
|  Constant propagation         |               0  |               0  |                                              0  |
|  Sweep                        |               0  |               0  |                                              0  |
|  BUFG optimization            |               0  |               0  |                                              0  |
|  Shift Register Optimization  |               0  |               0  |                                              0  |
|  Post Processing Netlist      |               0  |               0  |                                              0  |
-------------------------------------------------------------------------------------------------------------------------


Ending Logic Optimization Task | Checksum: 141ca85eb

Time (s): cpu = 00:00:00 ; elapsed = 00:00:00.099 . Memory (MB): peak = 1968.820 ; gain = 0.000

Starting Power Optimization Task
INFO: [Pwropt 34-132] Skipping clock gating for clocks with a period < 2.00 ns.
Ending Power Optimization Task | Checksum: 141ca85eb

Time (s): cpu = 00:00:00 ; elapsed = 00:00:00.010 . Memory (MB): peak = 1968.820 ; gain = 0.000

Starting Final Cleanup Task
Ending Final Cleanup Task | Checksum: 141ca85eb

Time (s): cpu = 00:00:00 ; elapsed = 00:00:00 . Memory (MB): peak = 1968.820 ; gain = 0.000

Starting Netlist Obfuscation Task
Netlist sorting complete. Time (s): cpu = 00:00:00 ; elapsed = 00:00:00 . Memory (MB): peak = 1968.820 ; gain = 0.000
Ending Netlist Obfuscation Task | Checksum: 141ca85eb

Time (s): cpu = 00:00:00 ; elapsed = 00:00:00 . Memory (MB): peak = 1968.820 ; gain = 0.000
INFO: [Common 17-83] Releasing license: Implementation
23 Infos, 0 Warnings, 0 Critical Warnings and 0 Errors encountered.
opt_design completed successfully
opt_design: Time (s): cpu = 00:00:08 ; elapsed = 00:00:08 . Memory (MB): peak = 1968.820 ; gain = 916.000
INFO: [Vivado 12-24828] Executing command : report_drc -file design_Beat_drc_opted.rpt -pb design_Beat_drc_opted.pb -rpx design_Beat_drc_opted.rpx
Command: report_drc -file design_Beat_drc_opted.rpt -pb design_Beat_drc_opted.pb -rpx design_Beat_drc_opted.rpx
INFO: [IP_Flow 19-234] Refreshing IP repositories
INFO: [IP_Flow 19-1704] No user IP repositories specified
INFO: [IP_Flow 19-2313] Loaded Vivado IP repository 'E:/vivado/Vivado/2024.1/data/ip'.
INFO: [DRC 23-27] Running DRC with 2 threads
INFO: [Vivado_Tcl 2-168] The results of DRC are in file E:/COLLEGE/homework/hit-cdp-lab/lab1/Beat_Generater/Beat_Generater/Beat_Generater.runs/impl_1/design_Beat_drc_opted.rpt.
report_drc completed successfully
Write ShapeDB Complete: Time (s): cpu = 00:00:00 ; elapsed = 00:00:00.001 . Memory (MB): peak = 1968.820 ; gain = 0.000
INFO: [Common 17-1381] The checkpoint 'E:/COLLEGE/homework/hit-cdp-lab/lab1/Beat_Generater/Beat_Generater/Beat_Generater.runs/impl_1/design_Beat_opt.dcp' has been generated.
Command: place_design
Attempting to get a license for feature 'Implementation' and/or device 'xc7k70t'
INFO: [Common 17-349] Got license for feature 'Implementation' and/or device 'xc7k70t'
INFO: [Common 17-83] Releasing license: Implementation
INFO: [DRC 23-27] Running DRC with 2 threads
INFO: [Vivado_Tcl 4-198] DRC finished with 0 Errors
INFO: [Vivado_Tcl 4-199] Please refer to the DRC report (report_drc) for more information.
Running DRC as a precondition to command place_design
INFO: [DRC 23-27] Running DRC with 2 threads
INFO: [Vivado_Tcl 4-198] DRC finished with 0 Errors
INFO: [Vivado_Tcl 4-199] Please refer to the DRC report (report_drc) for more information.
INFO: [Place 30-611] Multithreading enabled for place_design using a maximum of 2 CPUs

Starting Placer Task

Phase 1 Placer Initialization

Phase 1.1 Placer Initialization Netlist Sorting
Netlist sorting complete. Time (s): cpu = 00:00:00 ; elapsed = 00:00:00 . Memory (MB): peak = 1968.820 ; gain = 0.000
Phase 1.1 Placer Initialization Netlist Sorting | Checksum: 699406a2

Time (s): cpu = 00:00:00 ; elapsed = 00:00:00.008 . Memory (MB): peak = 1968.820 ; gain = 0.000
Netlist sorting complete. Time (s): cpu = 00:00:00 ; elapsed = 00:00:00 . Memory (MB): peak = 1968.820 ; gain = 0.000

Phase 1.2 IO Placement/ Clock Placement/ Build Placer Device
INFO: [Timing 38-35] Done setting XDC timing constraints.
Phase 1.2 IO Placement/ Clock Placement/ Build Placer Device | Checksum: 13e966035

Time (s): cpu = 00:00:00 ; elapsed = 00:00:00.158 . Memory (MB): peak = 1968.820 ; gain = 0.000

Phase 1.3 Build Placer Netlist Model
Phase 1.3 Build Placer Netlist Model | Checksum: 18031368c

Time (s): cpu = 00:00:00 ; elapsed = 00:00:00.209 . Memory (MB): peak = 1968.820 ; gain = 0.000

Phase 1.4 Constrain Clocks/Macros
Phase 1.4 Constrain Clocks/Macros | Checksum: 18031368c

Time (s): cpu = 00:00:00 ; elapsed = 00:00:00.213 . Memory (MB): peak = 1968.820 ; gain = 0.000
Phase 1 Placer Initialization | Checksum: 18031368c

Time (s): cpu = 00:00:00 ; elapsed = 00:00:00.221 . Memory (MB): peak = 1968.820 ; gain = 0.000

Phase 2 Global Placement

Phase 2.1 Floorplanning
Phase 2.1 Floorplanning | Checksum: 18031368c

Time (s): cpu = 00:00:00 ; elapsed = 00:00:00.235 . Memory (MB): peak = 1968.820 ; gain = 0.000

Phase 2.2 Update Timing before SLR Path Opt
Phase 2.2 Update Timing before SLR Path Opt | Checksum: 18031368c

Time (s): cpu = 00:00:00 ; elapsed = 00:00:00.236 . Memory (MB): peak = 1968.820 ; gain = 0.000

Phase 2.3 Post-Processing in Floorplanning
Phase 2.3 Post-Processing in Floorplanning | Checksum: 18031368c

Time (s): cpu = 00:00:00 ; elapsed = 00:00:00.236 . Memory (MB): peak = 1968.820 ; gain = 0.000

Phase 2.4 Global Placement Core
WARNING: [Place 46-29] Timing had been disabled during Placer and, therefore, physical synthesis in Placer will be skipped.
Phase 2.4 Global Placement Core | Checksum: 203f8b006

Time (s): cpu = 00:00:00 ; elapsed = 00:00:00.559 . Memory (MB): peak = 1968.820 ; gain = 0.000
Phase 2 Global Placement | Checksum: 203f8b006

Time (s): cpu = 00:00:00 ; elapsed = 00:00:00.564 . Memory (MB): peak = 1968.820 ; gain = 0.000

Phase 3 Detail Placement

Phase 3.1 Commit Multi Column Macros
Phase 3.1 Commit Multi Column Macros | Checksum: 203f8b006

Time (s): cpu = 00:00:00 ; elapsed = 00:00:00.568 . Memory (MB): peak = 1968.820 ; gain = 0.000

Phase 3.2 Commit Most Macros & LUTRAMs
Phase 3.2 Commit Most Macros & LUTRAMs | Checksum: 230c03f0c

Time (s): cpu = 00:00:00 ; elapsed = 00:00:00.573 . Memory (MB): peak = 1968.820 ; gain = 0.000

Phase 3.3 Area Swap Optimization
Phase 3.3 Area Swap Optimization | Checksum: 1c4b7aec9

Time (s): cpu = 00:00:00 ; elapsed = 00:00:00.582 . Memory (MB): peak = 1968.820 ; gain = 0.000

Phase 3.4 Pipeline Register Optimization
Phase 3.4 Pipeline Register Optimization | Checksum: 1c4b7aec9

Time (s): cpu = 00:00:00 ; elapsed = 00:00:00.583 . Memory (MB): peak = 1968.820 ; gain = 0.000

Phase 3.5 Small Shape Detail Placement
Phase 3.5 Small Shape Detail Placement | Checksum: 22b389e57

Time (s): cpu = 00:00:00 ; elapsed = 00:00:00.690 . Memory (MB): peak = 1968.820 ; gain = 0.000

Phase 3.6 Re-assign LUT pins
Phase 3.6 Re-assign LUT pins | Checksum: 22b389e57

Time (s): cpu = 00:00:00 ; elapsed = 00:00:00.691 . Memory (MB): peak = 1968.820 ; gain = 0.000

Phase 3.7 Pipeline Register Optimization
Phase 3.7 Pipeline Register Optimization | Checksum: 22b389e57

Time (s): cpu = 00:00:00 ; elapsed = 00:00:00.692 . Memory (MB): peak = 1968.820 ; gain = 0.000
Phase 3 Detail Placement | Checksum: 22b389e57

Time (s): cpu = 00:00:00 ; elapsed = 00:00:00.693 . Memory (MB): peak = 1968.820 ; gain = 0.000

Phase 4 Post Placement Optimization and Clean-Up

Phase 4.1 Post Commit Optimization
Phase 4.1 Post Commit Optimization | Checksum: 22b389e57

Time (s): cpu = 00:00:00 ; elapsed = 00:00:00.718 . Memory (MB): peak = 1968.820 ; gain = 0.000

Phase 4.2 Post Placement Cleanup
Phase 4.2 Post Placement Cleanup | Checksum: 22b389e57

Time (s): cpu = 00:00:00 ; elapsed = 00:00:00.722 . Memory (MB): peak = 1968.820 ; gain = 0.000

Phase 4.3 Placer Reporting

Phase 4.3.1 Print Estimated Congestion
INFO: [Place 30-612] Post-Placement Estimated Congestion 
 ____________________________________________________
|           | Global Congestion | Short Congestion  |
| Direction | Region Size       | Region Size       |
|___________|___________________|___________________|
|      North|                1x1|                1x1|
|___________|___________________|___________________|
|      South|                1x1|                1x1|
|___________|___________________|___________________|
|       East|                1x1|                1x1|
|___________|___________________|___________________|
|       West|                1x1|                1x1|
|___________|___________________|___________________|

Phase 4.3.1 Print Estimated Congestion | Checksum: 22b389e57

Time (s): cpu = 00:00:00 ; elapsed = 00:00:00.723 . Memory (MB): peak = 1968.820 ; gain = 0.000
Phase 4.3 Placer Reporting | Checksum: 22b389e57

Time (s): cpu = 00:00:00 ; elapsed = 00:00:00.723 . Memory (MB): peak = 1968.820 ; gain = 0.000

Phase 4.4 Final Placement Cleanup
Netlist sorting complete. Time (s): cpu = 00:00:00 ; elapsed = 00:00:00 . Memory (MB): peak = 1968.820 ; gain = 0.000

Time (s): cpu = 00:00:00 ; elapsed = 00:00:00.724 . Memory (MB): peak = 1968.820 ; gain = 0.000
Phase 4 Post Placement Optimization and Clean-Up | Checksum: 22b389e57

Time (s): cpu = 00:00:00 ; elapsed = 00:00:00.724 . Memory (MB): peak = 1968.820 ; gain = 0.000
Ending Placer Task | Checksum: 1636caa09

Time (s): cpu = 00:00:00 ; elapsed = 00:00:00.725 . Memory (MB): peak = 1968.820 ; gain = 0.000
41 Infos, 1 Warnings, 0 Critical Warnings and 0 Errors encountered.
place_design completed successfully
INFO: [Vivado 12-24838] Running report commands "report_control_sets, report_io, report_utilization" in parallel.
Running report generation with 2 threads.
INFO: [Vivado 12-24828] Executing command : report_utilization -file design_Beat_utilization_placed.rpt -pb design_Beat_utilization_placed.pb
INFO: [Vivado 12-24828] Executing command : report_control_sets -verbose -file design_Beat_control_sets_placed.rpt
report_control_sets: Time (s): cpu = 00:00:00 ; elapsed = 00:00:00.001 . Memory (MB): peak = 1968.820 ; gain = 0.000
INFO: [Vivado 12-24828] Executing command : report_io -file design_Beat_io_placed.rpt
report_io: Time (s): cpu = 00:00:01 ; elapsed = 00:00:00.074 . Memory (MB): peak = 1968.820 ; gain = 0.000
Write ShapeDB Complete: Time (s): cpu = 00:00:00 ; elapsed = 00:00:00.001 . Memory (MB): peak = 1973.562 ; gain = 0.000
Wrote PlaceDB: Time (s): cpu = 00:00:00 ; elapsed = 00:00:00.001 . Memory (MB): peak = 1973.562 ; gain = 0.000
Wrote PulsedLatchDB: Time (s): cpu = 00:00:00 ; elapsed = 00:00:00 . Memory (MB): peak = 1973.562 ; gain = 0.000
Writing XDEF routing.
Writing XDEF routing logical nets.
Writing XDEF routing special nets.
Wrote RouteStorage: Time (s): cpu = 00:00:00 ; elapsed = 00:00:00.091 . Memory (MB): peak = 1973.605 ; gain = 0.043
Wrote Netlist Cache: Time (s): cpu = 00:00:00 ; elapsed = 00:00:00.001 . Memory (MB): peak = 1973.605 ; gain = 0.000
Wrote Device Cache: Time (s): cpu = 00:00:00 ; elapsed = 00:00:00.005 . Memory (MB): peak = 1973.605 ; gain = 0.000
Write Physdb Complete: Time (s): cpu = 00:00:00 ; elapsed = 00:00:00.102 . Memory (MB): peak = 1973.605 ; gain = 0.043
INFO: [Common 17-1381] The checkpoint 'E:/COLLEGE/homework/hit-cdp-lab/lab1/Beat_Generater/Beat_Generater/Beat_Generater.runs/impl_1/design_Beat_placed.dcp' has been generated.
Command: phys_opt_design
Attempting to get a license for feature 'Implementation' and/or device 'xc7k70t'
INFO: [Common 17-349] Got license for feature 'Implementation' and/or device 'xc7k70t'

Starting Initial Update Timing Task

Time (s): cpu = 00:00:00 ; elapsed = 00:00:00.014 . Memory (MB): peak = 1973.605 ; gain = 0.000
INFO: [Vivado_Tcl 4-235] No timing constraint found. The netlist was not modified.
INFO: [Common 17-83] Releasing license: Implementation
49 Infos, 1 Warnings, 0 Critical Warnings and 0 Errors encountered.
phys_opt_design completed successfully
Write ShapeDB Complete: Time (s): cpu = 00:00:00 ; elapsed = 00:00:00.001 . Memory (MB): peak = 1989.957 ; gain = 0.000
Wrote PlaceDB: Time (s): cpu = 00:00:00 ; elapsed = 00:00:00.001 . Memory (MB): peak = 1990.102 ; gain = 0.145
Wrote PulsedLatchDB: Time (s): cpu = 00:00:00 ; elapsed = 00:00:00.001 . Memory (MB): peak = 1990.102 ; gain = 0.000
Writing XDEF routing.
Writing XDEF routing logical nets.
Writing XDEF routing special nets.
Wrote RouteStorage: Time (s): cpu = 00:00:00 ; elapsed = 00:00:00.013 . Memory (MB): peak = 1990.102 ; gain = 0.000
Wrote Netlist Cache: Time (s): cpu = 00:00:00 ; elapsed = 00:00:00 . Memory (MB): peak = 1990.102 ; gain = 0.000
Wrote Device Cache: Time (s): cpu = 00:00:00 ; elapsed = 00:00:00.005 . Memory (MB): peak = 1990.102 ; gain = 0.000
Write Physdb Complete: Time (s): cpu = 00:00:00 ; elapsed = 00:00:00.023 . Memory (MB): peak = 1990.102 ; gain = 0.145
INFO: [Common 17-1381] The checkpoint 'E:/COLLEGE/homework/hit-cdp-lab/lab1/Beat_Generater/Beat_Generater/Beat_Generater.runs/impl_1/design_Beat_physopt.dcp' has been generated.
Command: route_design
Attempting to get a license for feature 'Implementation' and/or device 'xc7k70t'
INFO: [Common 17-349] Got license for feature 'Implementation' and/or device 'xc7k70t'
Running DRC as a precondition to command route_design
INFO: [DRC 23-27] Running DRC with 2 threads
INFO: [Vivado_Tcl 4-198] DRC finished with 0 Errors
INFO: [Vivado_Tcl 4-199] Please refer to the DRC report (report_drc) for more information.


Starting Routing Task
INFO: [Route 35-254] Multithreading enabled for route_design using a maximum of 8 CPUs

Phase 1 Build RT Design
Checksum: PlaceDB: f9d8a367 ConstDB: 0 ShapeSum: ea6192d RouteDB: 5aeded75
Post Restoration Checksum: NetGraph: 36b3c5db | NumContArr: df900ba0 | Constraints: c2a8fa9d | Timing: c2a8fa9d
Phase 1 Build RT Design | Checksum: 29b95c6b5

Time (s): cpu = 00:00:11 ; elapsed = 00:00:08 . Memory (MB): peak = 2088.195 ; gain = 85.598

Phase 2 Router Initialization
INFO: [Route 35-64] No timing constraints were detected. The router will operate in resource-optimization mode.

Phase 2.1 Fix Topology Constraints
Phase 2.1 Fix Topology Constraints | Checksum: 29b95c6b5

Time (s): cpu = 00:00:11 ; elapsed = 00:00:08 . Memory (MB): peak = 2117.516 ; gain = 114.918

Phase 2.2 Pre Route Cleanup
Phase 2.2 Pre Route Cleanup | Checksum: 29b95c6b5

Time (s): cpu = 00:00:11 ; elapsed = 00:00:08 . Memory (MB): peak = 2117.516 ; gain = 114.918
 Number of Nodes with overlaps = 0

Router Utilization Summary
  Global Vertical Routing Utilization    = 0 %
  Global Horizontal Routing Utilization  = 0 %
  Routable Net Status*
  *Does not include unroutable nets such as driverless and loadless.
  Run report_route_status for detailed report.
  Number of Failed Nets               = 5
    (Failed Nets is the sum of unrouted and partially routed nets)
  Number of Unrouted Nets             = 5
  Number of Partially Routed Nets     = 0
  Number of Node Overlaps             = 0

Phase 2 Router Initialization | Checksum: 21dd651e6

Time (s): cpu = 00:00:11 ; elapsed = 00:00:08 . Memory (MB): peak = 2180.086 ; gain = 177.488

Phase 3 Global Routing
Phase 3 Global Routing | Checksum: 21dd651e6

Time (s): cpu = 00:00:11 ; elapsed = 00:00:08 . Memory (MB): peak = 2180.086 ; gain = 177.488

Phase 4 Initial Routing

Phase 4.1 Initial Net Routing Pass
 Number of Nodes with overlaps = 0
Phase 4.1 Initial Net Routing Pass | Checksum: 1bab79e5d

Time (s): cpu = 00:00:12 ; elapsed = 00:00:09 . Memory (MB): peak = 2180.086 ; gain = 177.488
Phase 4 Initial Routing | Checksum: 1bab79e5d

Time (s): cpu = 00:00:12 ; elapsed = 00:00:09 . Memory (MB): peak = 2180.086 ; gain = 177.488

Phase 5 Rip-up And Reroute

Phase 5.1 Global Iteration 0
Phase 5.1 Global Iteration 0 | Checksum: 1bab79e5d

Time (s): cpu = 00:00:12 ; elapsed = 00:00:09 . Memory (MB): peak = 2180.086 ; gain = 177.488
Phase 5 Rip-up And Reroute | Checksum: 1bab79e5d

Time (s): cpu = 00:00:12 ; elapsed = 00:00:09 . Memory (MB): peak = 2180.086 ; gain = 177.488

Phase 6 Delay and Skew Optimization
Phase 6 Delay and Skew Optimization | Checksum: 1bab79e5d

Time (s): cpu = 00:00:12 ; elapsed = 00:00:09 . Memory (MB): peak = 2180.086 ; gain = 177.488

Phase 7 Post Hold Fix

Phase 7.1 Hold Fix Iter
Phase 7.1 Hold Fix Iter | Checksum: 1bab79e5d

Time (s): cpu = 00:00:12 ; elapsed = 00:00:09 . Memory (MB): peak = 2180.086 ; gain = 177.488
Phase 7 Post Hold Fix | Checksum: 1bab79e5d

Time (s): cpu = 00:00:12 ; elapsed = 00:00:09 . Memory (MB): peak = 2180.086 ; gain = 177.488

Phase 8 Route finalize

Router Utilization Summary
  Global Vertical Routing Utilization    = 0.00113358 %
  Global Horizontal Routing Utilization  = 0.00126607 %
  Routable Net Status*
  *Does not include unroutable nets such as driverless and loadless.
  Run report_route_status for detailed report.
  Number of Failed Nets               = 0
    (Failed Nets is the sum of unrouted and partially routed nets)
  Number of Unrouted Nets             = 0
  Number of Partially Routed Nets     = 0
  Number of Node Overlaps             = 0


--GLOBAL Congestion:
Utilization threshold used for congestion level computation: 0.85
Congestion Report
North Dir 1x1 Area, Max Cong = 5.40541%, No Congested Regions.
South Dir 1x1 Area, Max Cong = 1.8018%, No Congested Regions.
East Dir 1x1 Area, Max Cong = 2.94118%, No Congested Regions.
West Dir 1x1 Area, Max Cong = 5.88235%, No Congested Regions.

------------------------------
Reporting congestion hotspots
------------------------------
Direction: North
----------------
Congested clusters found at Level 0
Effective congestion level: 0 Aspect Ratio: 1 Sparse Ratio: 0
Direction: South
----------------
Congested clusters found at Level 0
Effective congestion level: 0 Aspect Ratio: 1 Sparse Ratio: 0
Direction: East
----------------
Congested clusters found at Level 0
Effective congestion level: 0 Aspect Ratio: 1 Sparse Ratio: 0
Direction: West
----------------
Congested clusters found at Level 0
Effective congestion level: 0 Aspect Ratio: 1 Sparse Ratio: 0

Phase 8 Route finalize | Checksum: 1bab79e5d

Time (s): cpu = 00:00:12 ; elapsed = 00:00:09 . Memory (MB): peak = 2180.086 ; gain = 177.488

Phase 9 Verifying routed nets

 Verification completed successfully
Phase 9 Verifying routed nets | Checksum: 1bab79e5d

Time (s): cpu = 00:00:12 ; elapsed = 00:00:09 . Memory (MB): peak = 2180.086 ; gain = 177.488

Phase 10 Depositing Routes
Phase 10 Depositing Routes | Checksum: 1bab79e5d

Time (s): cpu = 00:00:12 ; elapsed = 00:00:09 . Memory (MB): peak = 2180.086 ; gain = 177.488

Phase 11 Post Process Routing
Phase 11 Post Process Routing | Checksum: 1bab79e5d

Time (s): cpu = 00:00:12 ; elapsed = 00:00:09 . Memory (MB): peak = 2180.086 ; gain = 177.488
Total Elapsed time in route_design: 8.523 secs

Phase 12 Post-Route Event Processing
Phase 12 Post-Route Event Processing | Checksum: 1cf4d77d8

Time (s): cpu = 00:00:12 ; elapsed = 00:00:09 . Memory (MB): peak = 2180.086 ; gain = 177.488
INFO: [Route 35-16] Router Completed Successfully
Ending Routing Task | Checksum: 1cf4d77d8

Time (s): cpu = 00:00:12 ; elapsed = 00:00:09 . Memory (MB): peak = 2180.086 ; gain = 177.488

Routing Is Done.
INFO: [Common 17-83] Releasing license: Implementation
58 Infos, 1 Warnings, 0 Critical Warnings and 0 Errors encountered.
route_design completed successfully
route_design: Time (s): cpu = 00:00:12 ; elapsed = 00:00:09 . Memory (MB): peak = 2180.086 ; gain = 189.984
INFO: [Vivado 12-24828] Executing command : report_drc -file design_Beat_drc_routed.rpt -pb design_Beat_drc_routed.pb -rpx design_Beat_drc_routed.rpx
Command: report_drc -file design_Beat_drc_routed.rpt -pb design_Beat_drc_routed.pb -rpx design_Beat_drc_routed.rpx
INFO: [IP_Flow 19-1839] IP Catalog is up to date.
INFO: [DRC 23-27] Running DRC with 2 threads
INFO: [Vivado_Tcl 2-168] The results of DRC are in file E:/COLLEGE/homework/hit-cdp-lab/lab1/Beat_Generater/Beat_Generater/Beat_Generater.runs/impl_1/design_Beat_drc_routed.rpt.
report_drc completed successfully
INFO: [Vivado 12-24828] Executing command : report_methodology -file design_Beat_methodology_drc_routed.rpt -pb design_Beat_methodology_drc_routed.pb -rpx design_Beat_methodology_drc_routed.rpx
Command: report_methodology -file design_Beat_methodology_drc_routed.rpt -pb design_Beat_methodology_drc_routed.pb -rpx design_Beat_methodology_drc_routed.rpx
INFO: [Timing 38-35] Done setting XDC timing constraints.
INFO: [DRC 23-133] Running Methodology with 2 threads
INFO: [Vivado_Tcl 2-1520] The results of Report Methodology are in file E:/COLLEGE/homework/hit-cdp-lab/lab1/Beat_Generater/Beat_Generater/Beat_Generater.runs/impl_1/design_Beat_methodology_drc_routed.rpt.
report_methodology completed successfully
INFO: [Vivado 12-24828] Executing command : report_timing_summary -max_paths 10 -file design_Beat_timing_summary_routed.rpt -pb design_Beat_timing_summary_routed.pb -rpx design_Beat_timing_summary_routed.rpx -warn_on_violation 
INFO: [Timing 38-35] Done setting XDC timing constraints.
INFO: [Timing 38-91] UpdateTimingParams: Speed grade: -1, Delay Type: min_max.
INFO: [Timing 38-191] Multithreading enabled for timing update using a maximum of 2 CPUs
WARNING: [Timing 38-313] There are no user specified timing constraints. Timing constraints are needed for proper timing analysis.
INFO: [Vivado 12-24838] Running report commands "report_incremental_reuse, report_route_status" in parallel.
Running report generation with 2 threads.
INFO: [Vivado 12-24828] Executing command : report_route_status -file design_Beat_route_status.rpt -pb design_Beat_route_status.pb
INFO: [Vivado 12-24828] Executing command : report_incremental_reuse -file design_Beat_incremental_reuse_routed.rpt
INFO: [Vivado_Tcl 4-1062] Incremental flow is disabled. No incremental reuse Info to report.
INFO: [Vivado 12-24828] Executing command : report_power -file design_Beat_power_routed.rpt -pb design_Beat_power_summary_routed.pb -rpx design_Beat_power_routed.rpx
Command: report_power -file design_Beat_power_routed.rpt -pb design_Beat_power_summary_routed.pb -rpx design_Beat_power_routed.rpx
WARNING: [Power 33-232] No user defined clocks were found in the design! Power estimation will be inaccurate until this is corrected.
Resolution: Please specify clocks using create_clock/create_generated_clock for sequential elements. For pure combinatorial circuits, please specify a virtual clock, otherwise the vectorless estimation might be inaccurate
Running Vector-less Activity Propagation...

Finished Running Vector-less Activity Propagation
75 Infos, 3 Warnings, 0 Critical Warnings and 0 Errors encountered.
report_power completed successfully
INFO: [Vivado 12-24828] Executing command : report_clock_utilization -file design_Beat_clock_utilization_routed.rpt
WARNING: [Device 21-9320] Failed to find the Oracle tile group with name 'HSR_BOUNDARY_TOP'. This is required for Clock regions and Virtual grid.
WARNING: [Device 21-2174] Failed to initialize Virtual grid.
INFO: [Vivado 12-24828] Executing command : report_bus_skew -warn_on_violation -file design_Beat_bus_skew_routed.rpt -pb design_Beat_bus_skew_routed.pb -rpx design_Beat_bus_skew_routed.rpx
INFO: [Timing 38-91] UpdateTimingParams: Speed grade: -1, Delay Type: min_max.
INFO: [Timing 38-191] Multithreading enabled for timing update using a maximum of 2 CPUs
Write ShapeDB Complete: Time (s): cpu = 00:00:00 ; elapsed = 00:00:00.001 . Memory (MB): peak = 2180.086 ; gain = 0.000
Wrote PlaceDB: Time (s): cpu = 00:00:00 ; elapsed = 00:00:00.001 . Memory (MB): peak = 2180.086 ; gain = 0.000
Wrote PulsedLatchDB: Time (s): cpu = 00:00:00 ; elapsed = 00:00:00 . Memory (MB): peak = 2180.086 ; gain = 0.000
Writing XDEF routing.
Writing XDEF routing logical nets.
Writing XDEF routing special nets.
Wrote RouteStorage: Time (s): cpu = 00:00:00 ; elapsed = 00:00:00.016 . Memory (MB): peak = 2180.086 ; gain = 0.000
Wrote Netlist Cache: Time (s): cpu = 00:00:00 ; elapsed = 00:00:00 . Memory (MB): peak = 2180.086 ; gain = 0.000
Wrote Device Cache: Time (s): cpu = 00:00:00 ; elapsed = 00:00:00.005 . Memory (MB): peak = 2180.086 ; gain = 0.000
Write Physdb Complete: Time (s): cpu = 00:00:00 ; elapsed = 00:00:00.029 . Memory (MB): peak = 2180.086 ; gain = 0.000
INFO: [Common 17-1381] The checkpoint 'E:/COLLEGE/homework/hit-cdp-lab/lab1/Beat_Generater/Beat_Generater/Beat_Generater.runs/impl_1/design_Beat_routed.dcp' has been generated.
INFO: [Common 17-206] Exiting Vivado at Mon Aug 26 17:32:39 2024...
