Vivado Simulator v2024.1
Copyright 1986-2022 Xilinx, Inc. All Rights Reserved.
Copyright 2022-2024 Advanced Micro Devices, Inc. All Rights Reserved.
Running: E:/vivado/Vivado/2024.1/bin/unwrapped/win64.o/xelab.exe --incr --debug typical --relax --mt 2 -L xil_defaultlib -L dist_mem_gen_v8_0_13 -L generic_baseblocks_v2_1_0 -L axi_infrastructure_v1_1_0 -L axi_register_slice_v2_1_20 -L fifo_generator_v13_2_5 -L axi_data_fifo_v2_1_19 -L axi_crossbar_v2_1_21 -L blk_mem_gen_v8_4_4 -L unisims_ver -L unimacro_ver -L secureip -L xpm --snapshot tb_behav xil_defaultlib.tb xil_defaultlib.glbl -log elaborate.log 
Using 2 slave threads.
Starting static elaboration
Pass Through NonSizing Optimizer
WARNING: [VRFC 10-3091] actual bit length 32 differs from formal bit length 1 for port 'sim' [E:/COLLEGE/homework/hit-cdp-lab/lab5/lab5.srcs/sources_1/new/soc_top.v:183]
WARNING: [VRFC 10-3091] actual bit length 32 differs from formal bit length 1 for port 'dma_valid_dev' [E:/COLLEGE/homework/hit-cdp-lab/lab5/lab5.srcs/sources_1/new/soc_top.v:194]
WARNING: [VRFC 10-3091] actual bit length 32 differs from formal bit length 1 for port 'dma_last_dev' [E:/COLLEGE/homework/hit-cdp-lab/lab5/lab5.srcs/sources_1/new/soc_top.v:195]
WARNING: [VRFC 10-3091] actual bit length 32 differs from formal bit length 16 for port 'dma_data_dev' [E:/COLLEGE/homework/hit-cdp-lab/lab5/lab5.srcs/sources_1/new/soc_top.v:196]
WARNING: [VRFC 10-3091] actual bit length 4 differs from formal bit length 6 for port 'rid' [E:/COLLEGE/homework/hit-cdp-lab/lab5/lab5.srcs/sources_1/new/soc_top.v:210]
WARNING: [VRFC 10-3091] actual bit length 4 differs from formal bit length 6 for port 'bid' [E:/COLLEGE/homework/hit-cdp-lab/lab5/lab5.srcs/sources_1/new/soc_top.v:233]
WARNING: [VRFC 10-3091] actual bit length 16 differs from formal bit length 10 for port 'a' [E:/COLLEGE/homework/hit-cdp-lab/lab5/lab5.gen/sources_1/ip/lcd_controller_0/imports/hardware/lcd_controller.v:154]
WARNING: [VRFC 10-3091] actual bit length 32 differs from formal bit length 6 for port 'ext_int' [E:/COLLEGE/homework/hit-cdp-lab/lab5/lab5.srcs/sources_1/new/soc_top.v:283]
WARNING: [VRFC 10-3091] actual bit length 32 differs from formal bit length 1 for port 'a_wait' [E:/COLLEGE/homework/hit-cdp-lab/lab5/lab5.gen/sources_1/ip/ma_river_core_0/imports/super/mul.v:50]
WARNING: [VRFC 10-3091] actual bit length 32 differs from formal bit length 48 for port 'C' [E:/COLLEGE/homework/hit-cdp-lab/lab5/lab5.gen/sources_1/ip/ma_river_core_0/imports/super/dsp_mul.v:80]
WARNING: [VRFC 10-3091] actual bit length 32 differs from formal bit length 25 for port 'D' [E:/COLLEGE/homework/hit-cdp-lab/lab5/lab5.gen/sources_1/ip/ma_river_core_0/imports/super/dsp_mul.v:82]
WARNING: [VRFC 10-3091] actual bit length 32 differs from formal bit length 1 for port 'a_wait' [E:/COLLEGE/homework/hit-cdp-lab/lab5/lab5.gen/sources_1/ip/ma_river_core_0/imports/super/mul.v:53]
WARNING: [VRFC 10-3091] actual bit length 32 differs from formal bit length 1 for port 'a_wait' [E:/COLLEGE/homework/hit-cdp-lab/lab5/lab5.gen/sources_1/ip/ma_river_core_0/imports/super/mul.v:56]
WARNING: [VRFC 10-3091] actual bit length 32 differs from formal bit length 1 for port 'a_wait' [E:/COLLEGE/homework/hit-cdp-lab/lab5/lab5.gen/sources_1/ip/ma_river_core_0/imports/super/mul.v:59]
WARNING: [VRFC 10-3091] actual bit length 26 differs from formal bit length 41 for port 'result' [E:/COLLEGE/homework/hit-cdp-lab/lab5/lab5.gen/sources_1/ip/ma_river_core_0/imports/super/f_muler_front.v:70]
WARNING: [VRFC 10-3091] actual bit length 26 differs from formal bit length 41 for port 'result' [E:/COLLEGE/homework/hit-cdp-lab/lab5/lab5.gen/sources_1/ip/ma_river_core_0/imports/super/f_muler_front.v:82]
WARNING: [VRFC 10-3091] actual bit length 22 differs from formal bit length 41 for port 'result' [E:/COLLEGE/homework/hit-cdp-lab/lab5/lab5.gen/sources_1/ip/ma_river_core_0/imports/super/f_muler_front.v:85]
WARNING: [VRFC 10-3091] actual bit length 22 differs from formal bit length 41 for port 'result' [E:/COLLEGE/homework/hit-cdp-lab/lab5/lab5.gen/sources_1/ip/ma_river_core_0/imports/super/f_muler_front.v:88]
WARNING: [VRFC 10-3091] actual bit length 22 differs from formal bit length 41 for port 'result' [E:/COLLEGE/homework/hit-cdp-lab/lab5/lab5.gen/sources_1/ip/ma_river_core_0/imports/super/f_muler_front.v:91]
WARNING: [VRFC 10-3091] actual bit length 7 differs from formal bit length 41 for port 'result' [E:/COLLEGE/homework/hit-cdp-lab/lab5/lab5.gen/sources_1/ip/ma_river_core_0/imports/super/f_muler_front.v:94]
WARNING: [VRFC 10-3091] actual bit length 32 differs from formal bit length 1 for port 'a_wait' [E:/COLLEGE/homework/hit-cdp-lab/lab5/lab5.gen/sources_1/ip/ma_river_core_0/imports/super/fpu_top.v:420]
WARNING: [VRFC 10-3091] actual bit length 32 differs from formal bit length 4 for port 's_axi_arqos' [E:/COLLEGE/homework/hit-cdp-lab/lab5/lab5.srcs/sources_1/new/soc_top.v:442]
WARNING: [VRFC 10-3091] actual bit length 32 differs from formal bit length 4 for port 's_axi_awqos' [E:/COLLEGE/homework/hit-cdp-lab/lab5/lab5.srcs/sources_1/new/soc_top.v:459]
WARNING: [VRFC 10-3091] actual bit length 4 differs from formal bit length 1 for port 'we' [E:/COLLEGE/homework/hit-cdp-lab/lab5/lab5.srcs/sources_1/new/soc_top.v:532]
WARNING: [VRFC 10-5021] port 'aclk2x' is not connected on this instance [E:/COLLEGE/homework/hit-cdp-lab/lab5/lab5.ip_user_files/ipstatic/hdl/axi_crossbar_v2_1_vl_rfs.v:3103]
Completed static elaboration
Starting simulation data flow analysis
Completed simulation data flow analysis
Time Resolution for simulation is 1ps
Compiling module unisims_ver.IBUF
Compiling module unisims_ver.MMCME2_ADV(CLKFBOUT_MULT_F=10.0,...
Compiling module unisims_ver.BUFG
Compiling module xil_defaultlib.clk_pll_clk_wiz
Compiling module xil_defaultlib.clk_pll
Compiling module blk_mem_gen_v8_4_4.beh_vlog_ff_clr_v8_4
Compiling module blk_mem_gen_v8_4_4.beh_vlog_ff_pre_v8_4
Compiling module blk_mem_gen_v8_4_4.STATE_LOGIC_v8_4(INIT=64'b010101...
Compiling module blk_mem_gen_v8_4_4.STATE_LOGIC_v8_4(INIT=64'b101111...
Compiling module blk_mem_gen_v8_4_4.STATE_LOGIC_v8_4(INIT=64'b101010...
Compiling module blk_mem_gen_v8_4_4.STATE_LOGIC_v8_4(INIT=64'b010101...
Compiling module blk_mem_gen_v8_4_4.STATE_LOGIC_v8_4(INIT=64'b010001...
Compiling module blk_mem_gen_v8_4_4.STATE_LOGIC_v8_4(INIT=64'b010001...
Compiling module blk_mem_gen_v8_4_4.STATE_LOGIC_v8_4(INIT=64'b011010...
Compiling module blk_mem_gen_v8_4_4.STATE_LOGIC_v8_4(INIT=64'b111111...
Compiling module blk_mem_gen_v8_4_4.STATE_LOGIC_v8_4(INIT=64'b011000...
Compiling module blk_mem_gen_v8_4_4.STATE_LOGIC_v8_4(INIT=64'b011111...
Compiling module blk_mem_gen_v8_4_4.STATE_LOGIC_v8_4(INIT=64'b0111)
Compiling module blk_mem_gen_v8_4_4.STATE_LOGIC_v8_4(INIT=64'b111110...
Compiling module blk_mem_gen_v8_4_4.STATE_LOGIC_v8_4(INIT=64'b01000)
Compiling module blk_mem_gen_v8_4_4.STATE_LOGIC_v8_4(INIT=64'b100010...
Compiling module blk_mem_gen_v8_4_4.write_netlist_v8_4(C_AXI_TYPE=1)
Compiling module blk_mem_gen_v8_4_4.blk_mem_axi_write_wrapper_beh_v8...
Compiling module blk_mem_gen_v8_4_4.beh_vlog_ff_ce_clr_v8_4
Compiling module blk_mem_gen_v8_4_4.STATE_LOGIC_v8_4(INIT=64'b01011)
Compiling module blk_mem_gen_v8_4_4.STATE_LOGIC_v8_4(INIT=64'b0100)
Compiling module blk_mem_gen_v8_4_4.STATE_LOGIC_v8_4(INIT=64'b111011...
Compiling module blk_mem_gen_v8_4_4.STATE_LOGIC_v8_4(INIT=64'b010001...
Compiling module blk_mem_gen_v8_4_4.STATE_LOGIC_v8_4(INIT=64'b010000...
Compiling module blk_mem_gen_v8_4_4.STATE_LOGIC_v8_4(INIT=64'b011111...
Compiling module blk_mem_gen_v8_4_4.STATE_LOGIC_v8_4(INIT=64'b01)
Compiling module blk_mem_gen_v8_4_4.STATE_LOGIC_v8_4(INIT=64'b010000...
Compiling module blk_mem_gen_v8_4_4.STATE_LOGIC_v8_4(INIT=64'b010001...
Compiling module blk_mem_gen_v8_4_4.STATE_LOGIC_v8_4(INIT=64'b011101...
Compiling module blk_mem_gen_v8_4_4.STATE_LOGIC_v8_4(INIT=64'b111111...
Compiling module blk_mem_gen_v8_4_4.STATE_LOGIC_v8_4(INIT=64'b010101...
Compiling module blk_mem_gen_v8_4_4.STATE_LOGIC_v8_4(INIT=64'b111100...
Compiling module blk_mem_gen_v8_4_4.beh_vlog_muxf7_v8_4
Compiling module blk_mem_gen_v8_4_4.STATE_LOGIC_v8_4(INIT=64'b010101...
Compiling module blk_mem_gen_v8_4_4.STATE_LOGIC_v8_4(INIT=64'b011100...
Compiling module blk_mem_gen_v8_4_4.STATE_LOGIC_v8_4(INIT=64'b011111...
Compiling module blk_mem_gen_v8_4_4.STATE_LOGIC_v8_4(INIT=64'b010001...
Compiling module blk_mem_gen_v8_4_4.STATE_LOGIC_v8_4(INIT=64'b010001...
Compiling module blk_mem_gen_v8_4_4.STATE_LOGIC_v8_4(INIT=64'b011100...
Compiling module blk_mem_gen_v8_4_4.read_netlist_v8_4(C_ADDRB_WIDTH=...
Compiling module blk_mem_gen_v8_4_4.blk_mem_axi_read_wrapper_beh_v8_...
Compiling module blk_mem_gen_v8_4_4.blk_mem_gen_v8_4_4_output_stage(...
Compiling module blk_mem_gen_v8_4_4.blk_mem_gen_v8_4_4_output_stage(...
Compiling module blk_mem_gen_v8_4_4.blk_mem_gen_v8_4_4_softecc_outpu...
Compiling module blk_mem_gen_v8_4_4.blk_mem_gen_v8_4_4_mem_module(C_...
Compiling module blk_mem_gen_v8_4_4.blk_mem_gen_v8_4_4(C_FAMILY="art...
Compiling module xil_defaultlib.mr_bram
Compiling module dist_mem_gen_v8_0_13.dist_mem_gen_v8_0_13(C_FAMILY="a...
Compiling module xil_defaultlib.font_rom
Compiling module dist_mem_gen_v8_0_13.dist_mem_gen_v8_0_13(C_FAMILY="a...
Compiling module xil_defaultlib.rst_rom
Compiling module blk_mem_gen_v8_4_4.blk_mem_gen_v8_4_4_output_stage(...
Compiling module blk_mem_gen_v8_4_4.blk_mem_gen_v8_4_4_softecc_outpu...
Compiling module blk_mem_gen_v8_4_4.blk_mem_gen_v8_4_4_mem_module(C_...
Compiling module blk_mem_gen_v8_4_4.blk_mem_gen_v8_4_4(C_FAMILY="art...
Compiling module xil_defaultlib.text_bram
Compiling module xil_defaultlib.lcd_controller
Compiling module xil_defaultlib.lcd_controller_0
Compiling module xil_defaultlib.interconnect
Compiling module blk_mem_gen_v8_4_4.blk_mem_gen_v8_4_4_output_stage(...
Compiling module blk_mem_gen_v8_4_4.blk_mem_gen_v8_4_4_softecc_outpu...
Compiling module blk_mem_gen_v8_4_4.blk_mem_gen_v8_4_4_mem_module(C_...
Compiling module blk_mem_gen_v8_4_4.blk_mem_gen_v8_4_4(C_FAMILY="art...
Compiling module xil_defaultlib.bram_sd
Compiling module xil_defaultlib.bram_32_1024_sd
Compiling module xil_defaultlib.fetch_default
Compiling module xil_defaultlib.branch_predictor
Compiling module xil_defaultlib.buffer
Compiling module xil_defaultlib.decoder
Compiling module xil_defaultlib.decode
Compiling module xil_defaultlib.rename
Compiling module xil_defaultlib.gpr_table
Compiling module xil_defaultlib.arf
Compiling module xil_defaultlib.dispatch
Compiling module xil_defaultlib.station
Compiling module xil_defaultlib.alu
Compiling module xil_defaultlib.fu_alu
Compiling module blk_mem_gen_v8_4_4.blk_mem_gen_v8_4_4_mem_module(C_...
Compiling module blk_mem_gen_v8_4_4.blk_mem_gen_v8_4_4(C_FAMILY="art...
Compiling module xil_defaultlib.bram_td
Compiling module xil_defaultlib.bram_32_1024_td
Compiling module xil_defaultlib.mem_ctrl
Compiling module xil_defaultlib.fu_mu_default
Compiling module xil_defaultlib.div
Compiling module unisims_ver.DSP48E1(ACASCREG=0,ADREG=0,ALUMO...
Compiling module xil_defaultlib.dsp_mul
Compiling module xil_defaultlib.mul
Compiling module xil_defaultlib.fu_mdu
Compiling module xil_defaultlib.rob
Compiling module xil_defaultlib.commit
Compiling module xil_defaultlib.cp0_group
Compiling module xil_defaultlib.l2_tlb
Compiling module xil_defaultlib.l1_tlb
Compiling module xil_defaultlib.get_free_prf
Compiling module xil_defaultlib.f_prf
Compiling module xil_defaultlib.float_prepare
Compiling module xil_defaultlib.f_adder_front(info_width=42)
Compiling module xil_defaultlib.fCSA_default
Compiling module xil_defaultlib.double_frac_mul(info_width=70)
Compiling module xil_defaultlib.f_muler_front(info_width=42)
Compiling module xil_defaultlib.frac_divider
Compiling module xil_defaultlib.f_divider_front(info_width=42)
Compiling module xil_defaultlib.f_sqrter_front(info_width=42)
Compiling module xil_defaultlib.float_to_fixed(info_width=42)
Compiling module xil_defaultlib.fixed_to_float(info_width=42)
Compiling module xil_defaultlib.clz_16
Compiling module xil_defaultlib.f_normal(info_width=43)
Compiling module xil_defaultlib.f_round(info_width=42)
Compiling module xil_defaultlib.fu_fpu(info_width=22)
Compiling module xil_defaultlib.check_spef(exp_width=8,frac_widt...
Compiling module xil_defaultlib.check_spef
Compiling module xil_defaultlib.f_comp
Compiling module xil_defaultlib.fu_fccu(info_width=19)
Compiling module xil_defaultlib.f_decoder
Compiling module xil_defaultlib.fpu_top
Compiling module xil_defaultlib.ma_river_core
Compiling module xil_defaultlib.ma_river_core_0
Compiling module xil_defaultlib.checker_wrapper
Compiling module generic_baseblocks_v2_1_0.generic_baseblocks_v2_1_0_carry_...
Compiling module generic_baseblocks_v2_1_0.generic_baseblocks_v2_1_0_compar...
Compiling module generic_baseblocks_v2_1_0.generic_baseblocks_v2_1_0_compar...
Compiling module generic_baseblocks_v2_1_0.generic_baseblocks_v2_1_0_compar...
Compiling module axi_crossbar_v2_1_21.axi_crossbar_v2_1_21_addr_decode...
Compiling module axi_crossbar_v2_1_21.axi_crossbar_v2_1_21_arbiter_res...
Compiling module generic_baseblocks_v2_1_0.generic_baseblocks_v2_1_0_mux_en...
Compiling module unisims_ver.SRLC32E_default
Compiling module axi_data_fifo_v2_1_19.axi_data_fifo_v2_1_19_ndeep_srl(...
Compiling module axi_data_fifo_v2_1_19.axi_data_fifo_v2_1_19_axic_srl_f...
Compiling module axi_crossbar_v2_1_21.axi_crossbar_v2_1_21_si_transact...
Compiling module generic_baseblocks_v2_1_0.generic_baseblocks_v2_1_0_mux_en...
Compiling module axi_crossbar_v2_1_21.axi_crossbar_v2_1_21_si_transact...
Compiling module axi_crossbar_v2_1_21.axi_crossbar_v2_1_21_splitter
Compiling module axi_data_fifo_v2_1_19.axi_data_fifo_v2_1_19_axic_reg_s...
Compiling module axi_crossbar_v2_1_21.axi_crossbar_v2_1_21_wdata_route...
Compiling module axi_crossbar_v2_1_21.axi_crossbar_v2_1_21_wdata_mux(C...
Compiling module axi_infrastructure_v1_1_0.axi_infrastructure_v1_1_0_axi2ve...
Compiling module axi_infrastructure_v1_1_0.axi_infrastructure_v1_1_0_vector...
Compiling module axi_register_slice_v2_1_20.axi_register_slice_v2_1_20_axic_...
Compiling module axi_register_slice_v2_1_20.axi_register_slice_v2_1_20_axic_...
Compiling module axi_register_slice_v2_1_20.axi_register_slice_v2_1_20_axic_...
Compiling module axi_register_slice_v2_1_20.axi_register_slice_v2_1_20_axic_...
Compiling module axi_register_slice_v2_1_20.axi_register_slice_v2_1_20_axi_r...
Compiling module axi_crossbar_v2_1_21.axi_crossbar_v2_1_21_wdata_mux(C...
Compiling module axi_data_fifo_v2_1_19.axi_data_fifo_v2_1_19_axic_srl_f...
Compiling module axi_crossbar_v2_1_21.axi_crossbar_v2_1_21_addr_arbite...
Compiling module axi_crossbar_v2_1_21.axi_crossbar_v2_1_21_decerr_slav...
Compiling module axi_crossbar_v2_1_21.axi_crossbar_v2_1_21_crossbar(C_...
Compiling module axi_crossbar_v2_1_21.axi_crossbar_v2_1_21_axi_crossba...
Compiling module xil_defaultlib.axi_bus
Compiling module dist_mem_gen_v8_0_13.dist_mem_gen_v8_0_13(C_FAMILY="a...
Compiling module xil_defaultlib.cpu_inst_rom
Compiling module dist_mem_gen_v8_0_13.dist_mem_gen_v8_0_13(C_FAMILY="a...
Compiling module xil_defaultlib.cpu_data_ram
Compiling module xil_defaultlib.design_Beat
Compiling module xil_defaultlib.pc
Compiling module xil_defaultlib.inst_decoder
Compiling module xil_defaultlib.my_reg
Compiling module xil_defaultlib.CU
Compiling module xil_defaultlib.access
Compiling module xil_defaultlib.cpu
Compiling module dist_mem_gen_v8_0_13.dist_mem_gen_v8_0_13(C_FAMILY="a...
Compiling module xil_defaultlib.cpu_ans_rom
Compiling module xil_defaultlib.cpu_checker(SIMULATION=1)
Compiling module xil_defaultlib.soc_top(SIMULATION=1)
Compiling module xil_defaultlib.tb
Compiling module xil_defaultlib.glbl
Built simulation snapshot tb_behav
