Copyright 1986-2022 Xilinx, Inc. All Rights Reserved. Copyright 2022-2024 Advanced Micro Devices, Inc. All Rights Reserved.
-------------------------------------------------------------------------------------------------------------------------------------------------
| Tool Version     : Vivado v.2024.1 (win64) Build 5076996 Wed May 22 18:37:14 MDT 2024
| Date             : Mon Sep  9 13:50:23 2024
| Host             : LAPTOP-K550ROTT running 64-bit major release  (build 9200)
| Command          : report_power -file soc_top_power_routed.rpt -pb soc_top_power_summary_routed.pb -rpx soc_top_power_routed.rpx
| Design           : soc_top
| Device           : xc7a200tfbg676-2
| Design State     : routed
| Grade            : commercial
| Process          : typical
| Characterization : Production
-------------------------------------------------------------------------------------------------------------------------------------------------

Power Report

Table of Contents
-----------------
1. Summary
1.1 On-Chip Components
1.2 Power Supply Summary
1.3 Confidence Level
2. Settings
2.1 Environment
2.2 Clock Constraints
3. Detailed Reports
3.1 By Hierarchy

1. Summary
----------

+--------------------------+--------------+
| Total On-Chip Power (W)  | 0.358        |
| Design Power Budget (W)  | Unspecified* |
| Power Budget Margin (W)  | NA           |
| Dynamic (W)              | 0.217        |
| Device Static (W)        | 0.140        |
| Effective TJA (C/W)      | 1.9          |
| Max Ambient (C)          | 84.3         |
| Junction Temperature (C) | 25.7         |
| Confidence Level         | Medium       |
| Setting File             | ---          |
| Simulation Activity File | ---          |
| Design Nets Matched      | NA           |
+--------------------------+--------------+
* Specify Design Power Budget using, set_operating_conditions -design_power_budget <value in Watts>


1.1 On-Chip Components
----------------------

+--------------------------+-----------+----------+-----------+-----------------+
| On-Chip                  | Power (W) | Used     | Available | Utilization (%) |
+--------------------------+-----------+----------+-----------+-----------------+
| Clocks                   |     0.035 |        6 |       --- |             --- |
| Slice Logic              |     0.021 |    38907 |       --- |             --- |
|   LUT as Logic           |     0.018 |    17869 |    133800 |           13.36 |
|   LUT as Distributed RAM |     0.002 |     2248 |     46200 |            4.87 |
|   CARRY4                 |    <0.001 |      510 |     33450 |            1.52 |
|   Register               |    <0.001 |    11402 |    267600 |            4.26 |
|   F7/F8 Muxes            |    <0.001 |     1266 |    133800 |            0.95 |
|   BUFG                   |    <0.001 |        1 |        32 |            3.13 |
|   Others                 |     0.000 |      204 |       --- |             --- |
|   LUT as Shift Register  |     0.000 |        2 |     46200 |           <0.01 |
| Signals                  |     0.029 |    28463 |       --- |             --- |
| Block RAM                |     0.014 |     31.5 |       365 |            8.63 |
| MMCM                     |     0.106 |        1 |        10 |           10.00 |
| DSPs                     |    <0.001 |        4 |       740 |            0.54 |
| I/O                      |     0.012 |       24 |       400 |            6.00 |
| Static Power             |     0.140 |          |           |                 |
| Total                    |     0.358 |          |           |                 |
+--------------------------+-----------+----------+-----------+-----------------+


1.2 Power Supply Summary
------------------------

+-----------+-------------+-----------+-------------+------------+-------------+-------------+------------+
| Source    | Voltage (V) | Total (A) | Dynamic (A) | Static (A) | Powerup (A) | Budget (A)  | Margin (A) |
+-----------+-------------+-----------+-------------+------------+-------------+-------------+------------+
| Vccint    |       1.000 |     0.131 |       0.100 |      0.031 |       NA    | Unspecified | NA         |
| Vccaux    |       1.800 |     0.090 |       0.059 |      0.031 |       NA    | Unspecified | NA         |
| Vcco33    |       3.300 |     0.008 |       0.003 |      0.005 |       NA    | Unspecified | NA         |
| Vcco25    |       2.500 |     0.000 |       0.000 |      0.000 |       NA    | Unspecified | NA         |
| Vcco18    |       1.800 |     0.000 |       0.000 |      0.000 |       NA    | Unspecified | NA         |
| Vcco15    |       1.500 |     0.000 |       0.000 |      0.000 |       NA    | Unspecified | NA         |
| Vcco135   |       1.350 |     0.000 |       0.000 |      0.000 |       NA    | Unspecified | NA         |
| Vcco12    |       1.200 |     0.000 |       0.000 |      0.000 |       NA    | Unspecified | NA         |
| Vccaux_io |       1.800 |     0.000 |       0.000 |      0.000 |       NA    | Unspecified | NA         |
| Vccbram   |       1.000 |     0.002 |       0.001 |      0.001 |       NA    | Unspecified | NA         |
| MGTAVcc   |       1.000 |     0.000 |       0.000 |      0.000 |       NA    | Unspecified | NA         |
| MGTAVtt   |       1.200 |     0.000 |       0.000 |      0.000 |       NA    | Unspecified | NA         |
| Vccadc    |       1.800 |     0.020 |       0.000 |      0.020 |       NA    | Unspecified | NA         |
+-----------+-------------+-----------+-------------+------------+-------------+-------------+------------+


1.3 Confidence Level
--------------------

+-----------------------------+------------+-------------------------------------------------------+------------------------------------------------------------------------------------------------------------+
| User Input Data             | Confidence | Details                                               | Action                                                                                                     |
+-----------------------------+------------+-------------------------------------------------------+------------------------------------------------------------------------------------------------------------+
| Design implementation state | High       | Design is routed                                      |                                                                                                            |
| Clock nodes activity        | High       | User specified more than 95% of clocks                |                                                                                                            |
| I/O nodes activity          | Medium     | More than 5% of inputs are missing user specification | Provide missing input activity with simulation results or by editing the "By Resource Type -> I/Os" view   |
| Internal nodes activity     | Medium     | User specified less than 25% of internal nodes        | Provide missing internal nodes activity with simulation results or by editing the "By Resource Type" views |
| Device models               | High       | Device models are Production                          |                                                                                                            |
|                             |            |                                                       |                                                                                                            |
| Overall confidence level    | Medium     |                                                       |                                                                                                            |
+-----------------------------+------------+-------------------------------------------------------+------------------------------------------------------------------------------------------------------------+


2. Settings
-----------

2.1 Environment
---------------

+-----------------------+--------------------------+
| Ambient Temp (C)      | 25.0                     |
| ThetaJA (C/W)         | 1.9                      |
| Airflow (LFM)         | 250                      |
| Heat Sink             | medium (Medium Profile)  |
| ThetaSA (C/W)         | 3.4                      |
| Board Selection       | medium (10"x10")         |
| # of Board Layers     | 12to15 (12 to 15 Layers) |
| Board Temperature (C) | 25.0                     |
+-----------------------+--------------------------+


2.2 Clock Constraints
---------------------

+------------------+---------------------------+-----------------+
| Clock            | Domain                    | Constraint (ns) |
+------------------+---------------------------+-----------------+
| clk_out_clk_pll  | pll/inst/clk_out_clk_pll  |            20.0 |
| clkfbout_clk_pll | pll/inst/clkfbout_clk_pll |            10.0 |
| sys_clk          | sys_clk                   |            10.0 |
| sys_clk          | sys_clk_IBUF_BUFG         |            10.0 |
+------------------+---------------------------+-----------------+


3. Detailed Reports
-------------------

3.1 By Hierarchy
----------------

+------------------------------+-----------+
| Name                         | Power (W) |
+------------------------------+-----------+
| soc_top                      |     0.217 |
|   axib                       |     0.001 |
|     inst                     |     0.001 |
|       gen_samd.crossbar_samd |     0.001 |
|   checker                    |     0.001 |
|   lcd                        |     0.002 |
|     inst                     |     0.002 |
|   mrcore                     |     0.091 |
|     inst                     |     0.090 |
|       ARF_module             |     0.002 |
|       BranchPredictor_module |     0.001 |
|       Buffer_module          |     0.002 |
|       Commit_module          |     0.003 |
|       Decode_module          |     0.002 |
|       FU_ALU0_module         |     0.006 |
|       FU_ALU1_module         |     0.004 |
|       FU_MDU_module          |     0.006 |
|       FU_MU_module           |     0.021 |
|       Fetch_module           |     0.005 |
|       L2_TLB_module          |     0.007 |
|       ROB_module             |     0.011 |
|       Rename_module          |     0.004 |
|       Station_module         |     0.009 |
|       d_TLB_module           |     0.001 |
|       fpu                    |     0.002 |
|   pll                        |     0.107 |
|     inst                     |     0.107 |
|   ram                        |     0.002 |
|     U0                       |     0.002 |
|       inst_blk_mem_gen       |     0.002 |
+------------------------------+-----------+


